2025-01-31 12:49:54 INFO  Utils:112 - [TestNG] Running:
  C:\Users\Dell\eclipse-workspace\OpencartV123\final.xml

2025-01-31 12:51:09 INFO  Utils:112 - [TestNG] Running:
  C:\Users\Dell\eclipse-workspace\OpencartV123\grouping.xml

2025-01-31 12:51:27 INFO  Utils:112 - [TestNG] Running:
  C:\Users\Dell\eclipse-workspace\OpencartV123\master.xml

2025-01-31 12:52:51 INFO  Utils:112 - [TestNG] Running:
  C:\Users\Dell\eclipse-workspace\OpencartV123\crossbrowsetesting.xml

2025-01-31 12:53:19 INFO  Utils:112 - [TestNG] Running:
  C:\Users\Dell\eclipse-workspace\OpencartV123\crossbrowsetesting.xml

2025-01-31 12:53:59 INFO  Utils:112 - [TestNG] Running:
  C:\Users\Dell\eclipse-workspace\OpencartV123\final.xml

2025-01-31 12:54:56 INFO  Utils:112 - [Utils] MethodGroupsHelper.collectMethodsByGroup() took 1 ms.
2025-01-31 12:54:56 INFO  Utils:112 - [Utils] MethodGroupsHelper.sortMethods() took 2 ms.
2025-01-31 12:54:56 INFO  Utils:112 - [Utils] MethodGroupsHelper.collectMethodsByGroup() took 0 ms.
2025-01-31 12:54:56 INFO  Utils:112 - [Utils] MethodGroupsHelper.sortMethods() took 0 ms.
2025-01-31 12:54:56 INFO  Utils:112 - [Utils] MethodGroupsHelper.collectMethodsByGroup() took 0 ms.
2025-01-31 12:54:56 INFO  Utils:112 - [Utils] MethodGroupsHelper.sortMethods() took 0 ms.
2025-01-31 12:54:56 INFO  Utils:112 - [Utils] MethodGroupsHelper.collectMethodsByGroup() took 0 ms.
2025-01-31 12:54:56 INFO  Utils:112 - [Utils] MethodGroupsHelper.sortMethods() took 0 ms.
2025-01-31 12:54:56 INFO  Utils:112 - [Utils] MethodGroupsHelper.collectMethodsByGroup() took 7 ms.
2025-01-31 12:54:56 INFO  Utils:112 - [Utils] MethodGroupsHelper.sortMethods() took 6 ms.
2025-01-31 12:54:56 INFO  Utils:112 - [Utils] MethodGroupsHelper.collectMethodsByGroup() took 0 ms.
2025-01-31 12:54:56 INFO  Utils:112 - [Utils] MethodGroupsHelper.sortMethods() took 0 ms.
2025-01-31 12:54:56 INFO  Utils:112 - [Utils] MethodGroupsHelper.collectMethodsByGroup() took 0 ms.
2025-01-31 12:54:56 INFO  Utils:112 - [Utils] MethodGroupsHelper.sortMethods() took 0 ms.
2025-01-31 12:54:56 INFO  Utils:112 - [Utils] MethodGroupsHelper.collectMethodsByGroup() took 0 ms.
2025-01-31 12:54:56 INFO  Utils:112 - [Utils] MethodGroupsHelper.sortMethods() took 0 ms.
2025-01-31 12:54:56 INFO  Utils:112 - [Utils] MethodGroupsHelper.collectMethodsByGroup() took 0 ms.
2025-01-31 12:54:56 INFO  Utils:112 - [Utils] MethodGroupsHelper.sortMethods() took 0 ms.
2025-01-31 12:54:56 INFO  Utils:112 - [Utils] MethodGroupsHelper.collectMethodsByGroup() took 0 ms.
2025-01-31 12:54:56 INFO  Utils:112 - [Utils] MethodGroupsHelper.sortMethods() took 0 ms.
2025-01-31 12:54:56 INFO  Utils:112 - [Utils] MethodGroupsHelper.collectMethodsByGroup() took 0 ms.
2025-01-31 12:54:56 INFO  Utils:112 - [Utils] MethodGroupsHelper.sortMethods() took 0 ms.
2025-01-31 12:54:56 INFO  Utils:112 - [Utils] MethodGroupsHelper.collectMethodsByGroup() took 0 ms.
2025-01-31 12:54:56 INFO  Utils:112 - [Utils] MethodGroupsHelper.sortMethods() took 0 ms.
2025-01-31 12:54:56 INFO  Utils:112 - [Utils] MethodGroupsHelper.collectMethodsByGroup() took 0 ms.
2025-01-31 12:54:56 INFO  Utils:112 - [Utils] MethodGroupsHelper.sortMethods() took 0 ms.
2025-01-31 12:54:56 INFO  Utils:112 - [Utils] MethodGroupsHelper.collectMethodsByGroup() took 0 ms.
2025-01-31 12:54:56 INFO  Utils:112 - [Utils] MethodGroupsHelper.sortMethods() took 0 ms.
2025-01-31 12:54:56 INFO  Utils:112 - [Utils] MethodGroupsHelper.collectMethodsByGroup() took 0 ms.
2025-01-31 12:54:56 INFO  Utils:112 - [Utils] MethodGroupsHelper.sortMethods() took 0 ms.
2025-01-31 12:54:56 INFO  Utils:112 - [TestNG] Running:
  C:\Users\Dell\AppData\Local\Temp\testng-eclipse-92027257\testng-customsuite.xml

2025-01-31 12:54:56 INFO  Utils:112 - [Utils] DynamicGraphHelper.createDynamicGraph() took 5 ms.
2025-01-31 12:54:57 INFO  Utils:112 - [TestNG] Time taken by org.testng.reporters.SuiteHTMLReporter@33e01298: 97 ms
2025-01-31 12:54:57 INFO  Utils:112 - [TestNG] Time taken by org.testng.reporters.jq.Main@346939bf: 66 ms
2025-01-31 12:54:57 INFO  Utils:112 - [TestNG] Time taken by org.testng.reporters.FailedReporter@21d8bcbe: 73 ms
2025-01-31 12:54:57 INFO  Utils:112 - [TestNG] Time taken by org.testng.reporters.XMLReporter@acb0951: 31 ms
2025-01-31 12:54:57 INFO  Utils:112 - [TestNG] Time taken by org.testng.reporters.EmailableReporter2@24faea88: 16 ms
2025-01-31 12:54:57 INFO  Utils:112 - [TestNG] Time taken by org.testng.reporters.JUnitReportReporter@545de5a4: 12 ms
2025-01-31 12:54:57 INFO  Utils:112 - [TestNG] Time taken by org.testng.internal.ExitCodeListener@29ef6856: 0 ms
2025-01-31 12:55:15 INFO  Utils:112 - [Utils] MethodGroupsHelper.collectMethodsByGroup() took 1 ms.
2025-01-31 12:55:15 INFO  Utils:112 - [Utils] MethodGroupsHelper.sortMethods() took 2 ms.
2025-01-31 12:55:15 INFO  Utils:112 - [Utils] MethodGroupsHelper.collectMethodsByGroup() took 0 ms.
2025-01-31 12:55:15 INFO  Utils:112 - [Utils] MethodGroupsHelper.sortMethods() took 0 ms.
2025-01-31 12:55:15 INFO  Utils:112 - [Utils] MethodGroupsHelper.collectMethodsByGroup() took 0 ms.
2025-01-31 12:55:15 INFO  Utils:112 - [Utils] MethodGroupsHelper.sortMethods() took 0 ms.
2025-01-31 12:55:15 INFO  Utils:112 - [Utils] MethodGroupsHelper.collectMethodsByGroup() took 0 ms.
2025-01-31 12:55:15 INFO  Utils:112 - [Utils] MethodGroupsHelper.sortMethods() took 0 ms.
2025-01-31 12:55:15 INFO  Utils:112 - [Utils] MethodGroupsHelper.collectMethodsByGroup() took 7 ms.
2025-01-31 12:55:15 INFO  Utils:112 - [Utils] MethodGroupsHelper.sortMethods() took 13 ms.
2025-01-31 12:55:15 INFO  Utils:112 - [Utils] MethodGroupsHelper.collectMethodsByGroup() took 0 ms.
2025-01-31 12:55:15 INFO  Utils:112 - [Utils] MethodGroupsHelper.sortMethods() took 0 ms.
2025-01-31 12:55:15 INFO  Utils:112 - [Utils] MethodGroupsHelper.collectMethodsByGroup() took 0 ms.
2025-01-31 12:55:15 INFO  Utils:112 - [Utils] MethodGroupsHelper.sortMethods() took 0 ms.
2025-01-31 12:55:15 INFO  Utils:112 - [Utils] MethodGroupsHelper.collectMethodsByGroup() took 0 ms.
2025-01-31 12:55:15 INFO  Utils:112 - [Utils] MethodGroupsHelper.sortMethods() took 0 ms.
2025-01-31 12:55:15 INFO  Utils:112 - [Utils] MethodGroupsHelper.collectMethodsByGroup() took 0 ms.
2025-01-31 12:55:15 INFO  Utils:112 - [Utils] MethodGroupsHelper.sortMethods() took 0 ms.
2025-01-31 12:55:15 INFO  Utils:112 - [Utils] MethodGroupsHelper.collectMethodsByGroup() took 0 ms.
2025-01-31 12:55:15 INFO  Utils:112 - [Utils] MethodGroupsHelper.sortMethods() took 0 ms.
2025-01-31 12:55:15 INFO  Utils:112 - [Utils] MethodGroupsHelper.collectMethodsByGroup() took 0 ms.
2025-01-31 12:55:15 INFO  Utils:112 - [Utils] MethodGroupsHelper.sortMethods() took 0 ms.
2025-01-31 12:55:15 INFO  Utils:112 - [Utils] MethodGroupsHelper.collectMethodsByGroup() took 0 ms.
2025-01-31 12:55:15 INFO  Utils:112 - [Utils] MethodGroupsHelper.sortMethods() took 0 ms.
2025-01-31 12:55:15 INFO  Utils:112 - [Utils] MethodGroupsHelper.collectMethodsByGroup() took 1 ms.
2025-01-31 12:55:15 INFO  Utils:112 - [Utils] MethodGroupsHelper.sortMethods() took 0 ms.
2025-01-31 12:55:15 INFO  Utils:112 - [Utils] MethodGroupsHelper.collectMethodsByGroup() took 0 ms.
2025-01-31 12:55:15 INFO  Utils:112 - [Utils] MethodGroupsHelper.sortMethods() took 0 ms.
2025-01-31 12:55:15 INFO  Utils:112 - [Utils] MethodGroupsHelper.collectMethodsByGroup() took 0 ms.
2025-01-31 12:55:15 INFO  Utils:112 - [Utils] MethodGroupsHelper.sortMethods() took 0 ms.
2025-01-31 12:55:15 INFO  Utils:112 - [TestNG] Running:
  C:\Users\Dell\AppData\Local\Temp\testng-eclipse-1094344114\testng-customsuite.xml

2025-01-31 12:55:15 INFO  Utils:112 - [Utils] DynamicGraphHelper.createDynamicGraph() took 4 ms.
2025-01-31 12:55:15 INFO  Utils:112 - [TestNG] Time taken by org.testng.reporters.SuiteHTMLReporter@33e01298: 27 ms
2025-01-31 12:55:15 INFO  Utils:112 - [TestNG] Time taken by org.testng.reporters.jq.Main@346939bf: 161 ms
2025-01-31 12:55:15 INFO  Utils:112 - [TestNG] Time taken by org.testng.reporters.FailedReporter@21d8bcbe: 15 ms
2025-01-31 12:55:15 INFO  Utils:112 - [TestNG] Time taken by org.testng.reporters.XMLReporter@acb0951: 13 ms
2025-01-31 12:55:15 INFO  Utils:112 - [TestNG] Time taken by org.testng.reporters.EmailableReporter2@24faea88: 12 ms
2025-01-31 12:55:15 INFO  Utils:112 - [TestNG] Time taken by org.testng.reporters.JUnitReportReporter@545de5a4: 8 ms
2025-01-31 12:55:15 INFO  Utils:112 - [TestNG] Time taken by org.testng.internal.ExitCodeListener@29ef6856: 0 ms
2025-01-31 12:55:29 INFO  Utils:112 - [Utils] MethodGroupsHelper.collectMethodsByGroup() took 1 ms.
2025-01-31 12:55:29 INFO  Utils:112 - [Utils] MethodGroupsHelper.sortMethods() took 2 ms.
2025-01-31 12:55:29 INFO  Utils:112 - [Utils] MethodGroupsHelper.collectMethodsByGroup() took 0 ms.
2025-01-31 12:55:29 INFO  Utils:112 - [Utils] MethodGroupsHelper.sortMethods() took 0 ms.
2025-01-31 12:55:29 INFO  Utils:112 - [Utils] MethodGroupsHelper.collectMethodsByGroup() took 0 ms.
2025-01-31 12:55:29 INFO  Utils:112 - [Utils] MethodGroupsHelper.sortMethods() took 0 ms.
2025-01-31 12:55:29 INFO  Utils:112 - [Utils] MethodGroupsHelper.collectMethodsByGroup() took 0 ms.
2025-01-31 12:55:29 INFO  Utils:112 - [Utils] MethodGroupsHelper.sortMethods() took 0 ms.
2025-01-31 12:55:29 INFO  Utils:112 - [Utils] MethodGroupsHelper.collectMethodsByGroup() took 6 ms.
2025-01-31 12:55:29 INFO  Utils:112 - [Utils] MethodGroupsHelper.sortMethods() took 10 ms.
2025-01-31 12:55:29 INFO  Utils:112 - [Utils] MethodGroupsHelper.collectMethodsByGroup() took 0 ms.
2025-01-31 12:55:29 INFO  Utils:112 - [Utils] MethodGroupsHelper.sortMethods() took 0 ms.
2025-01-31 12:55:29 INFO  Utils:112 - [Utils] MethodGroupsHelper.collectMethodsByGroup() took 0 ms.
2025-01-31 12:55:29 INFO  Utils:112 - [Utils] MethodGroupsHelper.sortMethods() took 0 ms.
2025-01-31 12:55:29 INFO  Utils:112 - [Utils] MethodGroupsHelper.collectMethodsByGroup() took 0 ms.
2025-01-31 12:55:29 INFO  Utils:112 - [Utils] MethodGroupsHelper.sortMethods() took 0 ms.
2025-01-31 12:55:29 INFO  Utils:112 - [Utils] MethodGroupsHelper.collectMethodsByGroup() took 0 ms.
2025-01-31 12:55:29 INFO  Utils:112 - [Utils] MethodGroupsHelper.sortMethods() took 0 ms.
2025-01-31 12:55:29 INFO  Utils:112 - [Utils] MethodGroupsHelper.collectMethodsByGroup() took 0 ms.
2025-01-31 12:55:29 INFO  Utils:112 - [Utils] MethodGroupsHelper.sortMethods() took 0 ms.
2025-01-31 12:55:29 INFO  Utils:112 - [Utils] MethodGroupsHelper.collectMethodsByGroup() took 0 ms.
2025-01-31 12:55:29 INFO  Utils:112 - [Utils] MethodGroupsHelper.sortMethods() took 0 ms.
2025-01-31 12:55:29 INFO  Utils:112 - [Utils] MethodGroupsHelper.collectMethodsByGroup() took 0 ms.
2025-01-31 12:55:29 INFO  Utils:112 - [Utils] MethodGroupsHelper.sortMethods() took 0 ms.
2025-01-31 12:55:29 INFO  Utils:112 - [Utils] MethodGroupsHelper.collectMethodsByGroup() took 0 ms.
2025-01-31 12:55:29 INFO  Utils:112 - [Utils] MethodGroupsHelper.sortMethods() took 0 ms.
2025-01-31 12:55:29 INFO  Utils:112 - [Utils] MethodGroupsHelper.collectMethodsByGroup() took 0 ms.
2025-01-31 12:55:29 INFO  Utils:112 - [Utils] MethodGroupsHelper.sortMethods() took 0 ms.
2025-01-31 12:55:29 INFO  Utils:112 - [Utils] MethodGroupsHelper.collectMethodsByGroup() took 0 ms.
2025-01-31 12:55:29 INFO  Utils:112 - [Utils] MethodGroupsHelper.sortMethods() took 0 ms.
2025-01-31 12:55:29 INFO  Utils:112 - [TestNG] Running:
  C:\Users\Dell\AppData\Local\Temp\testng-eclipse--40710590\testng-customsuite.xml

2025-01-31 12:55:29 INFO  Utils:112 - [Utils] DynamicGraphHelper.createDynamicGraph() took 7 ms.
2025-01-31 12:55:31 INFO  Utils:112 - [TestNG] Time taken by org.testng.reporters.SuiteHTMLReporter@10876a6: 33 ms
2025-01-31 12:55:31 INFO  Utils:112 - [TestNG] Time taken by org.testng.reporters.jq.Main@99a78d7: 89 ms
2025-01-31 12:55:31 INFO  Utils:112 - [TestNG] Time taken by org.testng.reporters.FailedReporter@77b9d0c7: 23 ms
2025-01-31 12:55:31 INFO  Utils:112 - [TestNG] Time taken by org.testng.reporters.XMLReporter@7abe27bf: 19 ms
2025-01-31 12:55:31 INFO  Utils:112 - [TestNG] Time taken by org.testng.reporters.EmailableReporter2@1a35993f: 16 ms
2025-01-31 12:55:31 INFO  Utils:112 - [TestNG] Time taken by org.testng.reporters.JUnitReportReporter@14e2e1c3: 11 ms
2025-01-31 12:55:31 INFO  Utils:112 - [TestNG] Time taken by org.testng.internal.ExitCodeListener@2b4786dd: 0 ms
